<?xml version="1.0" encoding="UTF-8"?>
<testsuite xmlns:xsi="http://www.w3.org/2001/XMLSchema-instance" xsi:noNamespaceSchemaLocation="https://maven.apache.org/surefire/maven-surefire-plugin/xsd/surefire-test-report-3.0.xsd" version="3.0" name="StreamProblemsTest" time="0.8" tests="59" errors="0" skipped="59" failures="0">
  <properties>
[...]
</properties>
  <testcase name="test_canReuseStream" classname="StreamProblemsTest" time="0.0">
    <skipped type="org.opentest4j.TestAbortedException"><![CDATA[org.opentest4j.TestAbortedException: Assumption failed: Skipping 'canReuseStream' — not yet in ENABLED set
	at org.junit.jupiter.api.Assumptions.throwAssumptionFailed(Assumptions.java:316)
	at org.junit.jupiter.api.Assumptions.assumeTrue(Assumptions.java:115)
	at StreamProblemsTest.skip(StreamProblemsTest.java:106)
	at StreamProblemsTest.test_canReuseStream(StreamProblemsTest.java:543)
	at java.base/java.lang.reflect.Method.invoke(Method.java:580)
	at java.base/java.util.ArrayList.forEach(ArrayList.java:1597)
	at java.base/java.util.ArrayList.forEach(ArrayList.java:1597)
]]></skipped>
  </testcase>
  <testcase name="test_charOccurrences" classname="StreamProblemsTest" time="0.0">
    <skipped type="org.opentest4j.TestAbortedException"><![CDATA[org.opentest4j.TestAbortedException: Assumption failed: Skipping 'charOccurrences' — not yet in ENABLED set
	at org.junit.jupiter.api.Assumptions.throwAssumptionFailed(Assumptions.java:316)
	at org.junit.jupiter.api.Assumptions.assumeTrue(Assumptions.java:115)
	at StreamProblemsTest.skip(StreamProblemsTest.java:106)
	at StreamProblemsTest.test_charOccurrences(StreamProblemsTest.java:196)
	at java.base/java.lang.reflect.Method.invoke(Method.java:580)
	at java.base/java.util.ArrayList.forEach(ArrayList.java:1597)
	at java.base/java.util.ArrayList.forEach(ArrayList.java:1597)
]]></skipped>
  </testcase>
  <testcase name="test_multiplyAllElements" classname="StreamProblemsTest" time="0.0">
    <skipped type="org.opentest4j.TestAbortedException"><![CDATA[org.opentest4j.TestAbortedException: Assumption failed: Skipping 'multiplyAllElements' — not yet in ENABLED set
	at org.junit.jupiter.api.Assumptions.throwAssumptionFailed(Assumptions.java:316)
	at org.junit.jupiter.api.Assumptions.assumeTrue(Assumptions.java:115)
	at StreamProblemsTest.skip(StreamProblemsTest.java:106)
	at StreamProblemsTest.test_multiplyAllElements(StreamProblemsTest.java:534)
	at java.base/java.lang.reflect.Method.invoke(Method.java:580)
	at java.base/java.util.ArrayList.forEach(ArrayList.java:1597)
	at java.base/java.util.ArrayList.forEach(ArrayList.java:1597)
]]></skipped>
  </testcase>
  <testcase name="test_calculateAverage" classname="StreamProblemsTest" time="0.0">
    <skipped type="org.opentest4j.TestAbortedException"><![CDATA[org.opentest4j.TestAbortedException: Assumption failed: Skipping 'calculateAverage' — not yet in ENABLED set
	at org.junit.jupiter.api.Assumptions.throwAssumptionFailed(Assumptions.java:316)
	at org.junit.jupiter.api.Assumptions.assumeTrue(Assumptions.java:115)
	at StreamProblemsTest.skip(StreamProblemsTest.java:106)
	at StreamProblemsTest.test_calculateAverage(StreamProblemsTest.java:446)
	at java.base/java.lang.reflect.Method.invoke(Method.java:580)
	at java.base/java.util.ArrayList.forEach(ArrayList.java:1597)
	at java.base/java.util.ArrayList.forEach(ArrayList.java:1597)
]]></skipped>
  </testcase>
  <testcase name="test_wordsWithVowelCount" classname="StreamProblemsTest" time="0.0">
    <skipped type="org.opentest4j.TestAbortedException"><![CDATA[org.opentest4j.TestAbortedException: Assumption failed: Skipping 'wordsWithVowelCount' — not yet in ENABLED set
	at org.junit.jupiter.api.Assumptions.throwAssumptionFailed(Assumptions.java:316)
	at org.junit.jupiter.api.Assumptions.assumeTrue(Assumptions.java:115)
	at StreamProblemsTest.skip(StreamProblemsTest.java:106)
	at StreamProblemsTest.test_wordsWithVowelCount(StreamProblemsTest.java:174)
	at java.base/java.lang.reflect.Method.invoke(Method.java:580)
	at java.base/java.util.ArrayList.forEach(ArrayList.java:1597)
	at java.base/java.util.ArrayList.forEach(ArrayList.java:1597)
]]></skipped>
  </testcase>
  <testcase name="test_findWordWithSecondHighestLength" classname="StreamProblemsTest" time="0.0">
    <skipped type="org.opentest4j.TestAbortedException"><![CDATA[org.opentest4j.TestAbortedException: Assumption failed: Skipping 'findWordWithSecondHighestLength' — not yet in ENABLED set
	at org.junit.jupiter.api.Assumptions.throwAssumptionFailed(Assumptions.java:316)
	at org.junit.jupiter.api.Assumptions.assumeTrue(Assumptions.java:115)
	at StreamProblemsTest.skip(StreamProblemsTest.java:106)
	at StreamProblemsTest.test_findWordWithSecondHighestLength(StreamProblemsTest.java:139)
	at java.base/java.lang.reflect.Method.invoke(Method.java:580)
	at java.base/java.util.ArrayList.forEach(ArrayList.java:1597)
	at java.base/java.util.ArrayList.forEach(ArrayList.java:1597)
]]></skipped>
  </testcase>
  <testcase name="test_concatenateStreams" classname="StreamProblemsTest" time="0.0">
    <skipped type="org.opentest4j.TestAbortedException"><![CDATA[org.opentest4j.TestAbortedException: Assumption failed: Skipping 'concatenateStreams' — not yet in ENABLED set
	at org.junit.jupiter.api.Assumptions.throwAssumptionFailed(Assumptions.java:316)
	at org.junit.jupiter.api.Assumptions.assumeTrue(Assumptions.java:115)
	at StreamProblemsTest.skip(StreamProblemsTest.java:106)
	at StreamProblemsTest.test_concatenateStreams(StreamProblemsTest.java:572)
	at java.base/java.lang.reflect.Method.invoke(Method.java:580)
	at java.base/java.util.ArrayList.forEach(ArrayList.java:1597)
	at java.base/java.util.ArrayList.forEach(ArrayList.java:1597)
]]></skipped>
  </testcase>
  <testcase name="test_filterReductionAverageMin" classname="StreamProblemsTest" time="0.0">
    <skipped type="org.opentest4j.TestAbortedException"><![CDATA[org.opentest4j.TestAbortedException: Assumption failed: Skipping 'filterReductionAverageMin' — not yet in ENABLED set
	at org.junit.jupiter.api.Assumptions.throwAssumptionFailed(Assumptions.java:316)
	at org.junit.jupiter.api.Assumptions.assumeTrue(Assumptions.java:115)
	at StreamProblemsTest.skip(StreamProblemsTest.java:106)
	at StreamProblemsTest.test_filterReductionAverageMin(StreamProblemsTest.java:593)
	at java.base/java.lang.reflect.Method.invoke(Method.java:580)
	at java.base/java.util.ArrayList.forEach(ArrayList.java:1597)
	at java.base/java.util.ArrayList.forEach(ArrayList.java:1597)
]]></skipped>
  </testcase>
  <testcase name="test_squareNumbersToArray" classname="StreamProblemsTest" time="0.0">
    <skipped type="org.opentest4j.TestAbortedException"><![CDATA[org.opentest4j.TestAbortedException: Assumption failed: Skipping 'squareNumbersToArray' — not yet in ENABLED set
	at org.junit.jupiter.api.Assumptions.throwAssumptionFailed(Assumptions.java:316)
	at org.junit.jupiter.api.Assumptions.assumeTrue(Assumptions.java:115)
	at StreamProblemsTest.skip(StreamProblemsTest.java:106)
	at StreamProblemsTest.test_squareNumbersToArray(StreamProblemsTest.java:488)
	at java.base/java.lang.reflect.Method.invoke(Method.java:580)
	at java.base/java.util.ArrayList.forEach(ArrayList.java:1597)
	at java.base/java.util.ArrayList.forEach(ArrayList.java:1597)
]]></skipped>
  </testcase>
  <testcase name="test_extractIntegers" classname="StreamProblemsTest" time="0.0">
    <skipped type="org.opentest4j.TestAbortedException"><![CDATA[org.opentest4j.TestAbortedException: Assumption failed: Skipping 'extractIntegers' — not yet in ENABLED set
	at org.junit.jupiter.api.Assumptions.throwAssumptionFailed(Assumptions.java:316)
	at org.junit.jupiter.api.Assumptions.assumeTrue(Assumptions.java:115)
	at StreamProblemsTest.skip(StreamProblemsTest.java:106)
	at StreamProblemsTest.test_extractIntegers(StreamProblemsTest.java:264)
	at java.base/java.lang.reflect.Method.invoke(Method.java:580)
	at java.base/java.util.ArrayList.forEach(ArrayList.java:1597)
	at java.base/java.util.ArrayList.forEach(ArrayList.java:1597)
]]></skipped>
  </testcase>
  <testcase name="test_toUpperCaseAndConcat" classname="StreamProblemsTest" time="0.0">
    <skipped type="org.opentest4j.TestAbortedException"><![CDATA[org.opentest4j.TestAbortedException: Assumption failed: Skipping 'toUpperCaseAndConcat' — not yet in ENABLED set
	at org.junit.jupiter.api.Assumptions.throwAssumptionFailed(Assumptions.java:316)
	at org.junit.jupiter.api.Assumptions.assumeTrue(Assumptions.java:115)
	at StreamProblemsTest.skip(StreamProblemsTest.java:106)
	at StreamProblemsTest.test_toUpperCaseAndConcat(StreamProblemsTest.java:551)
	at java.base/java.lang.reflect.Method.invoke(Method.java:580)
	at java.base/java.util.ArrayList.forEach(ArrayList.java:1597)
	at java.base/java.util.ArrayList.forEach(ArrayList.java:1597)
]]></skipped>
  </testcase>
  <testcase name="test_moveZerosToBeginning" classname="StreamProblemsTest" time="0.0">
    <skipped type="org.opentest4j.TestAbortedException"><![CDATA[org.opentest4j.TestAbortedException: Assumption failed: Skipping 'moveZerosToBeginning' — not yet in ENABLED set
	at org.junit.jupiter.api.Assumptions.throwAssumptionFailed(Assumptions.java:316)
	at org.junit.jupiter.api.Assumptions.assumeTrue(Assumptions.java:115)
	at StreamProblemsTest.skip(StreamProblemsTest.java:106)
	at StreamProblemsTest.test_moveZerosToBeginning(StreamProblemsTest.java:324)
	at java.base/java.lang.reflect.Method.invoke(Method.java:580)
	at java.base/java.util.ArrayList.forEach(ArrayList.java:1597)
	at java.base/java.util.ArrayList.forEach(ArrayList.java:1597)
]]></skipped>
  </testcase>
  <testcase name="test_fibonacci" classname="StreamProblemsTest" time="0.0">
    <skipped type="org.opentest4j.TestAbortedException"><![CDATA[org.opentest4j.TestAbortedException: Assumption failed: Skipping 'fibonacci' — not yet in ENABLED set
	at org.junit.jupiter.api.Assumptions.throwAssumptionFailed(Assumptions.java:316)
	at org.junit.jupiter.api.Assumptions.assumeTrue(Assumptions.java:115)
	at StreamProblemsTest.skip(StreamProblemsTest.java:106)
	at StreamProblemsTest.test_fibonacci(StreamProblemsTest.java:477)
	at java.base/java.lang.reflect.Method.invoke(Method.java:580)
	at java.base/java.util.ArrayList.forEach(ArrayList.java:1597)
	at java.base/java.util.ArrayList.forEach(ArrayList.java:1597)
]]></skipped>
  </testcase>
  <testcase name="test_listToMap" classname="StreamProblemsTest" time="0.0">
    <skipped type="org.opentest4j.TestAbortedException"><![CDATA[org.opentest4j.TestAbortedException: Assumption failed: Skipping 'listToMap' — not yet in ENABLED set
	at org.junit.jupiter.api.Assumptions.throwAssumptionFailed(Assumptions.java:316)
	at org.junit.jupiter.api.Assumptions.assumeTrue(Assumptions.java:115)
	at StreamProblemsTest.skip(StreamProblemsTest.java:106)
	at StreamProblemsTest.test_listToMap(StreamProblemsTest.java:522)
	at java.base/java.lang.reflect.Method.invoke(Method.java:580)
	at java.base/java.util.ArrayList.forEach(ArrayList.java:1597)
	at java.base/java.util.ArrayList.forEach(ArrayList.java:1597)
]]></skipped>
  </testcase>
  <testcase name="test_middleCharacter" classname="StreamProblemsTest" time="0.0">
    <skipped type="org.opentest4j.TestAbortedException"><![CDATA[org.opentest4j.TestAbortedException: Assumption failed: Skipping 'middleCharacter' — not yet in ENABLED set
	at org.junit.jupiter.api.Assumptions.throwAssumptionFailed(Assumptions.java:316)
	at org.junit.jupiter.api.Assumptions.assumeTrue(Assumptions.java:115)
	at StreamProblemsTest.skip(StreamProblemsTest.java:106)
	at StreamProblemsTest.test_middleCharacter(StreamProblemsTest.java:639)
	at java.base/java.lang.reflect.Method.invoke(Method.java:580)
	at java.base/java.util.ArrayList.forEach(ArrayList.java:1597)
	at java.base/java.util.ArrayList.forEach(ArrayList.java:1597)
]]></skipped>
  </testcase>
  <testcase name="test_groupByRange" classname="StreamProblemsTest" time="0.0">
    <skipped type="org.opentest4j.TestAbortedException"><![CDATA[org.opentest4j.TestAbortedException: Assumption failed: Skipping 'groupByRange' — not yet in ENABLED set
	at org.junit.jupiter.api.Assumptions.throwAssumptionFailed(Assumptions.java:316)
	at org.junit.jupiter.api.Assumptions.assumeTrue(Assumptions.java:115)
	at StreamProblemsTest.skip(StreamProblemsTest.java:106)
	at StreamProblemsTest.test_groupByRange(StreamProblemsTest.java:251)
	at java.base/java.lang.reflect.Method.invoke(Method.java:580)
	at java.base/java.util.ArrayList.forEach(ArrayList.java:1597)
	at java.base/java.util.ArrayList.forEach(ArrayList.java:1597)
]]></skipped>
  </testcase>
  <testcase name="test_transformPersonsToString" classname="StreamProblemsTest" time="0.0">
    <skipped type="org.opentest4j.TestAbortedException"><![CDATA[org.opentest4j.TestAbortedException: Assumption failed: Skipping 'transformPersonsToString' — not yet in ENABLED set
	at org.junit.jupiter.api.Assumptions.throwAssumptionFailed(Assumptions.java:316)
	at org.junit.jupiter.api.Assumptions.assumeTrue(Assumptions.java:115)
	at StreamProblemsTest.skip(StreamProblemsTest.java:106)
	at StreamProblemsTest.test_transformPersonsToString(StreamProblemsTest.java:497)
	at java.base/java.lang.reflect.Method.invoke(Method.java:580)
	at java.base/java.util.ArrayList.forEach(ArrayList.java:1597)
	at java.base/java.util.ArrayList.forEach(ArrayList.java:1597)
]]></skipped>
  </testcase>
  <testcase name="test_intersection" classname="StreamProblemsTest" time="0.0">
    <skipped type="org.opentest4j.TestAbortedException"><![CDATA[org.opentest4j.TestAbortedException: Assumption failed: Skipping 'intersection' — not yet in ENABLED set
	at org.junit.jupiter.api.Assumptions.throwAssumptionFailed(Assumptions.java:316)
	at org.junit.jupiter.api.Assumptions.assumeTrue(Assumptions.java:115)
	at StreamProblemsTest.skip(StreamProblemsTest.java:106)
	at StreamProblemsTest.test_intersection(StreamProblemsTest.java:455)
	at java.base/java.lang.reflect.Method.invoke(Method.java:580)
	at java.base/java.util.ArrayList.forEach(ArrayList.java:1597)
	at java.base/java.util.ArrayList.forEach(ArrayList.java:1597)
]]></skipped>
  </testcase>
  <testcase name="test_squareNumbers" classname="StreamProblemsTest" time="0.0">
    <skipped type="org.opentest4j.TestAbortedException"><![CDATA[org.opentest4j.TestAbortedException: Assumption failed: Skipping 'squareNumbers' — not yet in ENABLED set
	at org.junit.jupiter.api.Assumptions.throwAssumptionFailed(Assumptions.java:316)
	at org.junit.jupiter.api.Assumptions.assumeTrue(Assumptions.java:115)
	at StreamProblemsTest.skip(StreamProblemsTest.java:106)
	at StreamProblemsTest.test_squareNumbers(StreamProblemsTest.java:375)
	at java.base/java.lang.reflect.Method.invoke(Method.java:580)
	at java.base/java.util.ArrayList.forEach(ArrayList.java:1597)
	at java.base/java.util.ArrayList.forEach(ArrayList.java:1597)
]]></skipped>
  </testcase>
  <testcase name="test_productOfFirstTwo" classname="StreamProblemsTest" time="0.0">
    <skipped type="org.opentest4j.TestAbortedException"><![CDATA[org.opentest4j.TestAbortedException: Assumption failed: Skipping 'productOfFirstTwo' — not yet in ENABLED set
	at org.junit.jupiter.api.Assumptions.throwAssumptionFailed(Assumptions.java:316)
	at org.junit.jupiter.api.Assumptions.assumeTrue(Assumptions.java:115)
	at StreamProblemsTest.skip(StreamProblemsTest.java:106)
	at StreamProblemsTest.test_productOfFirstTwo(StreamProblemsTest.java:273)
	at java.base/java.lang.reflect.Method.invoke(Method.java:580)
	at java.base/java.util.ArrayList.forEach(ArrayList.java:1597)
	at java.base/java.util.ArrayList.forEach(ArrayList.java:1597)
]]></skipped>
  </testcase>
  <testcase name="test_limitInfiniteStream" classname="StreamProblemsTest" time="0.0">
    <skipped type="org.opentest4j.TestAbortedException"><![CDATA[org.opentest4j.TestAbortedException: Assumption failed: Skipping 'limitInfiniteStream' — not yet in ENABLED set
	at org.junit.jupiter.api.Assumptions.throwAssumptionFailed(Assumptions.java:316)
	at org.junit.jupiter.api.Assumptions.assumeTrue(Assumptions.java:115)
	at StreamProblemsTest.skip(StreamProblemsTest.java:106)
	at StreamProblemsTest.test_limitInfiniteStream(StreamProblemsTest.java:616)
	at java.base/java.lang.reflect.Method.invoke(Method.java:580)
	at java.base/java.util.ArrayList.forEach(ArrayList.java:1597)
	at java.base/java.util.ArrayList.forEach(ArrayList.java:1597)
]]></skipped>
  </testcase>
  <testcase name="test_avgSalaryByDepartment" classname="StreamProblemsTest" time="0.0">
    <skipped type="org.opentest4j.TestAbortedException"><![CDATA[org.opentest4j.TestAbortedException: Assumption failed: Skipping 'avgSalaryByDepartment' — not yet in ENABLED set
	at org.junit.jupiter.api.Assumptions.throwAssumptionFailed(Assumptions.java:316)
	at org.junit.jupiter.api.Assumptions.assumeTrue(Assumptions.java:115)
	at StreamProblemsTest.skip(StreamProblemsTest.java:106)
	at StreamProblemsTest.test_avgSalaryByDepartment(StreamProblemsTest.java:711)
	at java.base/java.lang.reflect.Method.invoke(Method.java:580)
	at java.base/java.util.ArrayList.forEach(ArrayList.java:1597)
	at java.base/java.util.ArrayList.forEach(ArrayList.java:1597)
]]></skipped>
  </testcase>
  <testcase name="test_divideEvenOdd" classname="StreamProblemsTest" time="0.0">
    <skipped type="org.opentest4j.TestAbortedException"><![CDATA[org.opentest4j.TestAbortedException: Assumption failed: Skipping 'divideEvenOdd' — not yet in ENABLED set
	at org.junit.jupiter.api.Assumptions.throwAssumptionFailed(Assumptions.java:316)
	at org.junit.jupiter.api.Assumptions.assumeTrue(Assumptions.java:115)
	at StreamProblemsTest.skip(StreamProblemsTest.java:106)
	at StreamProblemsTest.test_divideEvenOdd(StreamProblemsTest.java:185)
	at java.base/java.lang.reflect.Method.invoke(Method.java:580)
	at java.base/java.util.ArrayList.forEach(ArrayList.java:1597)
	at java.base/java.util.ArrayList.forEach(ArrayList.java:1597)
]]></skipped>
  </testcase>
  <testcase name="test_sortNumbers" classname="StreamProblemsTest" time="0.0">
    <skipped type="org.opentest4j.TestAbortedException"><![CDATA[org.opentest4j.TestAbortedException: Assumption failed: Skipping 'sortNumbers' — not yet in ENABLED set
	at org.junit.jupiter.api.Assumptions.throwAssumptionFailed(Assumptions.java:316)
	at org.junit.jupiter.api.Assumptions.assumeTrue(Assumptions.java:115)
	at StreamProblemsTest.skip(StreamProblemsTest.java:106)
	at StreamProblemsTest.test_sortNumbers(StreamProblemsTest.java:208)
	at java.base/java.lang.reflect.Method.invoke(Method.java:580)
	at java.base/java.util.ArrayList.forEach(ArrayList.java:1597)
	at java.base/java.util.ArrayList.forEach(ArrayList.java:1597)
]]></skipped>
  </testcase>
  <testcase name="test_sortAlphabetically" classname="StreamProblemsTest" time="0.0">
    <skipped type="org.opentest4j.TestAbortedException"><![CDATA[org.opentest4j.TestAbortedException: Assumption failed: Skipping 'sortAlphabetically' — not yet in ENABLED set
	at org.junit.jupiter.api.Assumptions.throwAssumptionFailed(Assumptions.java:316)
	at org.junit.jupiter.api.Assumptions.assumeTrue(Assumptions.java:115)
	at StreamProblemsTest.skip(StreamProblemsTest.java:106)
	at StreamProblemsTest.test_sortAlphabetically(StreamProblemsTest.java:366)
	at java.base/java.lang.reflect.Method.invoke(Method.java:580)
	at java.base/java.util.ArrayList.forEach(ArrayList.java:1597)
	at java.base/java.util.ArrayList.forEach(ArrayList.java:1597)
]]></skipped>
  </testcase>
  <testcase name="test_avoidStreamReuse" classname="StreamProblemsTest" time="0.0">
    <skipped type="org.opentest4j.TestAbortedException"><![CDATA[org.opentest4j.TestAbortedException: Assumption failed: Skipping 'avoidStreamReuse' — not yet in ENABLED set
	at org.junit.jupiter.api.Assumptions.throwAssumptionFailed(Assumptions.java:316)
	at org.junit.jupiter.api.Assumptions.assumeTrue(Assumptions.java:115)
	at StreamProblemsTest.skip(StreamProblemsTest.java:106)
	at StreamProblemsTest.test_avoidStreamReuse(StreamProblemsTest.java:607)
	at java.base/java.lang.reflect.Method.invoke(Method.java:580)
	at java.base/java.util.ArrayList.forEach(ArrayList.java:1597)
	at java.base/java.util.ArrayList.forEach(ArrayList.java:1597)
]]></skipped>
  </testcase>
  <testcase name="test_distinctOddNumbers" classname="StreamProblemsTest" time="0.0">
    <skipped type="org.opentest4j.TestAbortedException"><![CDATA[org.opentest4j.TestAbortedException: Assumption failed: Skipping 'distinctOddNumbers' — not yet in ENABLED set
	at org.junit.jupiter.api.Assumptions.throwAssumptionFailed(Assumptions.java:316)
	at org.junit.jupiter.api.Assumptions.assumeTrue(Assumptions.java:115)
	at StreamProblemsTest.skip(StreamProblemsTest.java:106)
	at StreamProblemsTest.test_distinctOddNumbers(StreamProblemsTest.java:384)
	at java.base/java.lang.reflect.Method.invoke(Method.java:580)
	at java.base/java.util.ArrayList.forEach(ArrayList.java:1597)
	at java.base/java.util.ArrayList.forEach(ArrayList.java:1597)
]]></skipped>
  </testcase>
  <testcase name="test_distinctNumbersStartingWith1" classname="StreamProblemsTest" time="0.0">
    <skipped type="org.opentest4j.TestAbortedException"><![CDATA[org.opentest4j.TestAbortedException: Assumption failed: Skipping 'distinctNumbersStartingWith1' — not yet in ENABLED set
	at org.junit.jupiter.api.Assumptions.throwAssumptionFailed(Assumptions.java:316)
	at org.junit.jupiter.api.Assumptions.assumeTrue(Assumptions.java:115)
	at StreamProblemsTest.skip(StreamProblemsTest.java:106)
	at StreamProblemsTest.test_distinctNumbersStartingWith1(StreamProblemsTest.java:649)
	at java.base/java.lang.reflect.Method.invoke(Method.java:580)
	at java.base/java.util.ArrayList.forEach(ArrayList.java:1597)
	at java.base/java.util.ArrayList.forEach(ArrayList.java:1597)
]]></skipped>
  </testcase>
  <testcase name="test_personComparator" classname="StreamProblemsTest" time="0.0">
    <skipped type="org.opentest4j.TestAbortedException"><![CDATA[org.opentest4j.TestAbortedException: Assumption failed: Skipping 'personComparator' — not yet in ENABLED set
	at org.junit.jupiter.api.Assumptions.throwAssumptionFailed(Assumptions.java:316)
	at org.junit.jupiter.api.Assumptions.assumeTrue(Assumptions.java:115)
	at StreamProblemsTest.skip(StreamProblemsTest.java:106)
	at StreamProblemsTest.test_personComparator(StreamProblemsTest.java:674)
	at java.base/java.lang.reflect.Method.invoke(Method.java:580)
	at java.base/java.util.ArrayList.forEach(ArrayList.java:1597)
	at java.base/java.util.ArrayList.forEach(ArrayList.java:1597)
]]></skipped>
  </testcase>
  <testcase name="test_firstRepeatedChar" classname="StreamProblemsTest" time="0.0">
    <skipped type="org.opentest4j.TestAbortedException"><![CDATA[org.opentest4j.TestAbortedException: Assumption failed: Skipping 'firstRepeatedChar' — not yet in ENABLED set
	at org.junit.jupiter.api.Assumptions.throwAssumptionFailed(Assumptions.java:316)
	at org.junit.jupiter.api.Assumptions.assumeTrue(Assumptions.java:115)
	at StreamProblemsTest.skip(StreamProblemsTest.java:106)
	at StreamProblemsTest.test_firstRepeatedChar(StreamProblemsTest.java:241)
	at java.base/java.lang.reflect.Method.invoke(Method.java:580)
	at java.base/java.util.ArrayList.forEach(ArrayList.java:1597)
	at java.base/java.util.ArrayList.forEach(ArrayList.java:1597)
]]></skipped>
  </testcase>
  <testcase name="test_multiplyAlternativeNumbers" classname="StreamProblemsTest" time="0.0">
    <skipped type="org.opentest4j.TestAbortedException"><![CDATA[org.opentest4j.TestAbortedException: Assumption failed: Skipping 'multiplyAlternativeNumbers' — not yet in ENABLED set
	at org.junit.jupiter.api.Assumptions.throwAssumptionFailed(Assumptions.java:316)
	at org.junit.jupiter.api.Assumptions.assumeTrue(Assumptions.java:115)
	at StreamProblemsTest.skip(StreamProblemsTest.java:106)
	at StreamProblemsTest.test_multiplyAlternativeNumbers(StreamProblemsTest.java:300)
	at java.base/java.lang.reflect.Method.invoke(Method.java:580)
	at java.base/java.util.ArrayList.forEach(ArrayList.java:1597)
	at java.base/java.util.ArrayList.forEach(ArrayList.java:1597)
]]></skipped>
  </testcase>
  <testcase name="test_toUpperCase" classname="StreamProblemsTest" time="0.0">
    <skipped type="org.opentest4j.TestAbortedException"><![CDATA[org.opentest4j.TestAbortedException: Assumption failed: Skipping 'toUpperCase' — not yet in ENABLED set
	at org.junit.jupiter.api.Assumptions.throwAssumptionFailed(Assumptions.java:316)
	at org.junit.jupiter.api.Assumptions.assumeTrue(Assumptions.java:115)
	at StreamProblemsTest.skip(StreamProblemsTest.java:106)
	at StreamProblemsTest.test_toUpperCase(StreamProblemsTest.java:437)
	at java.base/java.lang.reflect.Method.invoke(Method.java:580)
	at java.base/java.util.ArrayList.forEach(ArrayList.java:1597)
	at java.base/java.util.ArrayList.forEach(ArrayList.java:1597)
]]></skipped>
  </testcase>
  <testcase name="test_multiplySymmetricElements" classname="StreamProblemsTest" time="0.0">
    <skipped type="org.opentest4j.TestAbortedException"><![CDATA[org.opentest4j.TestAbortedException: Assumption failed: Skipping 'multiplySymmetricElements' — not yet in ENABLED set
	at org.junit.jupiter.api.Assumptions.throwAssumptionFailed(Assumptions.java:316)
	at org.junit.jupiter.api.Assumptions.assumeTrue(Assumptions.java:115)
	at StreamProblemsTest.skip(StreamProblemsTest.java:106)
	at StreamProblemsTest.test_multiplySymmetricElements(StreamProblemsTest.java:311)
	at java.base/java.lang.reflect.Method.invoke(Method.java:580)
	at java.base/java.util.ArrayList.forEach(ArrayList.java:1597)
	at java.base/java.util.ArrayList.forEach(ArrayList.java:1597)
]]></skipped>
  </testcase>
  <testcase name="test_domainOccurrences" classname="StreamProblemsTest" time="0.0">
    <skipped type="org.opentest4j.TestAbortedException"><![CDATA[org.opentest4j.TestAbortedException: Assumption failed: Skipping 'domainOccurrences' — not yet in ENABLED set
	at org.junit.jupiter.api.Assumptions.throwAssumptionFailed(Assumptions.java:316)
	at org.junit.jupiter.api.Assumptions.assumeTrue(Assumptions.java:115)
	at StreamProblemsTest.skip(StreamProblemsTest.java:106)
	at StreamProblemsTest.test_domainOccurrences(StreamProblemsTest.java:466)
	at java.base/java.lang.reflect.Method.invoke(Method.java:580)
	at java.base/java.util.ArrayList.forEach(ArrayList.java:1597)
	at java.base/java.util.ArrayList.forEach(ArrayList.java:1597)
]]></skipped>
  </testcase>
  <testcase name="test_filterAndModifySalary" classname="StreamProblemsTest" time="0.0">
    <skipped type="org.opentest4j.TestAbortedException"><![CDATA[org.opentest4j.TestAbortedException: Assumption failed: Skipping 'filterAndModifySalary' — not yet in ENABLED set
	at org.junit.jupiter.api.Assumptions.throwAssumptionFailed(Assumptions.java:316)
	at org.junit.jupiter.api.Assumptions.assumeTrue(Assumptions.java:115)
	at StreamProblemsTest.skip(StreamProblemsTest.java:106)
	at StreamProblemsTest.test_filterAndModifySalary(StreamProblemsTest.java:661)
	at java.base/java.lang.reflect.Method.invoke(Method.java:580)
	at java.base/java.util.ArrayList.forEach(ArrayList.java:1597)
	at java.base/java.util.ArrayList.forEach(ArrayList.java:1597)
]]></skipped>
  </testcase>
  <testcase name="test_groupAnagrams" classname="StreamProblemsTest" time="0.0">
    <skipped type="org.opentest4j.TestAbortedException"><![CDATA[org.opentest4j.TestAbortedException: Assumption failed: Skipping 'groupAnagrams' — not yet in ENABLED set
	at org.junit.jupiter.api.Assumptions.throwAssumptionFailed(Assumptions.java:316)
	at org.junit.jupiter.api.Assumptions.assumeTrue(Assumptions.java:115)
	at StreamProblemsTest.skip(StreamProblemsTest.java:106)
	at StreamProblemsTest.test_groupAnagrams(StreamProblemsTest.java:282)
	at java.base/java.lang.reflect.Method.invoke(Method.java:580)
	at java.base/java.util.ArrayList.forEach(ArrayList.java:1597)
	at java.base/java.util.ArrayList.forEach(ArrayList.java:1597)
]]></skipped>
  </testcase>
  <testcase name="test_stringToLengthMap" classname="StreamProblemsTest" time="0.0">
    <skipped type="org.opentest4j.TestAbortedException"><![CDATA[org.opentest4j.TestAbortedException: Assumption failed: Skipping 'stringToLengthMap' — not yet in ENABLED set
	at org.junit.jupiter.api.Assumptions.throwAssumptionFailed(Assumptions.java:316)
	at org.junit.jupiter.api.Assumptions.assumeTrue(Assumptions.java:115)
	at StreamProblemsTest.skip(StreamProblemsTest.java:106)
	at StreamProblemsTest.test_stringToLengthMap(StreamProblemsTest.java:742)
	at java.base/java.lang.reflect.Method.invoke(Method.java:580)
	at java.base/java.util.ArrayList.forEach(ArrayList.java:1597)
	at java.base/java.util.ArrayList.forEach(ArrayList.java:1597)
]]></skipped>
  </testcase>
  <testcase name="test_avgAgeByGender" classname="StreamProblemsTest" time="0.0">
    <skipped type="org.opentest4j.TestAbortedException"><![CDATA[org.opentest4j.TestAbortedException: Assumption failed: Skipping 'avgAgeByGender' — not yet in ENABLED set
	at org.junit.jupiter.api.Assumptions.throwAssumptionFailed(Assumptions.java:316)
	at org.junit.jupiter.api.Assumptions.assumeTrue(Assumptions.java:115)
	at StreamProblemsTest.skip(StreamProblemsTest.java:106)
	at StreamProblemsTest.test_avgAgeByGender(StreamProblemsTest.java:627)
	at java.base/java.lang.reflect.Method.invoke(Method.java:580)
	at java.base/java.util.ArrayList.forEach(ArrayList.java:1597)
	at java.base/java.util.ArrayList.forEach(ArrayList.java:1597)
]]></skipped>
  </testcase>
  <testcase name="test_removeNonNumericChars" classname="StreamProblemsTest" time="0.0">
    <skipped type="org.opentest4j.TestAbortedException"><![CDATA[org.opentest4j.TestAbortedException: Assumption failed: Skipping 'removeNonNumericChars' — not yet in ENABLED set
	at org.junit.jupiter.api.Assumptions.throwAssumptionFailed(Assumptions.java:316)
	at org.junit.jupiter.api.Assumptions.assumeTrue(Assumptions.java:115)
	at StreamProblemsTest.skip(StreamProblemsTest.java:106)
	at StreamProblemsTest.test_removeNonNumericChars(StreamProblemsTest.java:417)
	at java.base/java.lang.reflect.Method.invoke(Method.java:580)
	at java.base/java.util.ArrayList.forEach(ArrayList.java:1597)
	at java.base/java.util.ArrayList.forEach(ArrayList.java:1597)
]]></skipped>
  </testcase>
  <testcase name="test_sumOfUniqueElements" classname="StreamProblemsTest" time="0.0">
    <skipped type="org.opentest4j.TestAbortedException"><![CDATA[org.opentest4j.TestAbortedException: Assumption failed: Skipping 'sumOfUniqueElements' — not yet in ENABLED set
	at org.junit.jupiter.api.Assumptions.throwAssumptionFailed(Assumptions.java:316)
	at org.junit.jupiter.api.Assumptions.assumeTrue(Assumptions.java:115)
	at StreamProblemsTest.skip(StreamProblemsTest.java:106)
	at StreamProblemsTest.test_sumOfUniqueElements(StreamProblemsTest.java:219)
	at java.base/java.lang.reflect.Method.invoke(Method.java:580)
	at java.base/java.util.ArrayList.forEach(ArrayList.java:1597)
	at java.base/java.util.ArrayList.forEach(ArrayList.java:1597)
]]></skipped>
  </testcase>
  <testcase name="test_getAllWordsUsingFlatMap" classname="StreamProblemsTest" time="0.0">
    <skipped type="org.opentest4j.TestAbortedException"><![CDATA[org.opentest4j.TestAbortedException: Assumption failed: Skipping 'getAllWordsUsingFlatMap' — not yet in ENABLED set
	at org.junit.jupiter.api.Assumptions.throwAssumptionFailed(Assumptions.java:316)
	at org.junit.jupiter.api.Assumptions.assumeTrue(Assumptions.java:115)
	at StreamProblemsTest.skip(StreamProblemsTest.java:106)
	at StreamProblemsTest.test_getAllWordsUsingFlatMap(StreamProblemsTest.java:562)
	at java.base/java.lang.reflect.Method.invoke(Method.java:580)
	at java.base/java.util.ArrayList.forEach(ArrayList.java:1597)
	at java.base/java.util.ArrayList.forEach(ArrayList.java:1597)
]]></skipped>
  </testcase>
  <testcase name="test_countSubstring" classname="StreamProblemsTest" time="0.0">
    <skipped type="org.opentest4j.TestAbortedException"><![CDATA[org.opentest4j.TestAbortedException: Assumption failed: Skipping 'countSubstring' — not yet in ENABLED set
	at org.junit.jupiter.api.Assumptions.throwAssumptionFailed(Assumptions.java:316)
	at org.junit.jupiter.api.Assumptions.assumeTrue(Assumptions.java:115)
	at StreamProblemsTest.skip(StreamProblemsTest.java:106)
	at StreamProblemsTest.test_countSubstring(StreamProblemsTest.java:692)
	at java.base/java.lang.reflect.Method.invoke(Method.java:580)
	at java.base/java.util.ArrayList.forEach(ArrayList.java:1597)
	at java.base/java.util.ArrayList.forEach(ArrayList.java:1597)
]]></skipped>
  </testcase>
  <testcase name="test_reorderChronologically" classname="StreamProblemsTest" time="0.0">
    <skipped type="org.opentest4j.TestAbortedException"><![CDATA[org.opentest4j.TestAbortedException: Assumption failed: Skipping 'reorderChronologically' — not yet in ENABLED set
	at org.junit.jupiter.api.Assumptions.throwAssumptionFailed(Assumptions.java:316)
	at org.junit.jupiter.api.Assumptions.assumeTrue(Assumptions.java:115)
	at StreamProblemsTest.skip(StreamProblemsTest.java:106)
	at StreamProblemsTest.test_reorderChronologically(StreamProblemsTest.java:723)
	at java.base/java.lang.reflect.Method.invoke(Method.java:580)
	at java.base/java.util.ArrayList.forEach(ArrayList.java:1597)
	at java.base/java.util.ArrayList.forEach(ArrayList.java:1597)
]]></skipped>
  </testcase>
  <testcase name="test_kthSmallest" classname="StreamProblemsTest" time="0.0">
    <skipped type="org.opentest4j.TestAbortedException"><![CDATA[org.opentest4j.TestAbortedException: Assumption failed: Skipping 'kthSmallest' — not yet in ENABLED set
	at org.junit.jupiter.api.Assumptions.throwAssumptionFailed(Assumptions.java:316)
	at org.junit.jupiter.api.Assumptions.assumeTrue(Assumptions.java:115)
	at StreamProblemsTest.skip(StreamProblemsTest.java:106)
	at StreamProblemsTest.test_kthSmallest(StreamProblemsTest.java:406)
	at java.base/java.lang.reflect.Method.invoke(Method.java:580)
	at java.base/java.util.ArrayList.forEach(ArrayList.java:1597)
	at java.base/java.util.ArrayList.forEach(ArrayList.java:1597)
]]></skipped>
  </testcase>
  <testcase name="test_hasDistinctValues" classname="StreamProblemsTest" time="0.0">
    <skipped type="org.opentest4j.TestAbortedException"><![CDATA[org.opentest4j.TestAbortedException: Assumption failed: Skipping 'hasDistinctValues' — not yet in ENABLED set
	at org.junit.jupiter.api.Assumptions.throwAssumptionFailed(Assumptions.java:316)
	at org.junit.jupiter.api.Assumptions.assumeTrue(Assumptions.java:115)
	at StreamProblemsTest.skip(StreamProblemsTest.java:106)
	at StreamProblemsTest.test_hasDistinctValues(StreamProblemsTest.java:335)
	at java.base/java.lang.reflect.Method.invoke(Method.java:580)
	at java.base/java.util.ArrayList.forEach(ArrayList.java:1597)
	at java.base/java.util.ArrayList.forEach(ArrayList.java:1597)
]]></skipped>
  </testcase>
  <testcase name="test_transformToDTO" classname="StreamProblemsTest" time="0.0">
    <skipped type="org.opentest4j.TestAbortedException"><![CDATA[org.opentest4j.TestAbortedException: Assumption failed: Skipping 'transformToDTO' — not yet in ENABLED set
	at org.junit.jupiter.api.Assumptions.throwAssumptionFailed(Assumptions.java:316)
	at org.junit.jupiter.api.Assumptions.assumeTrue(Assumptions.java:115)
	at StreamProblemsTest.skip(StreamProblemsTest.java:106)
	at StreamProblemsTest.test_transformToDTO(StreamProblemsTest.java:754)
	at java.base/java.lang.reflect.Method.invoke(Method.java:580)
	at java.base/java.util.ArrayList.forEach(ArrayList.java:1597)
	at java.base/java.util.ArrayList.forEach(ArrayList.java:1597)
]]></skipped>
  </testcase>
  <testcase name="test_sumOfAllElements" classname="StreamProblemsTest" time="0.0">
    <skipped type="org.opentest4j.TestAbortedException"><![CDATA[org.opentest4j.TestAbortedException: Assumption failed: Skipping 'sumOfAllElements' — not yet in ENABLED set
	at org.junit.jupiter.api.Assumptions.throwAssumptionFailed(Assumptions.java:316)
	at org.junit.jupiter.api.Assumptions.assumeTrue(Assumptions.java:115)
	at StreamProblemsTest.skip(StreamProblemsTest.java:106)
	at StreamProblemsTest.test_sumOfAllElements(StreamProblemsTest.java:357)
	at java.base/java.lang.reflect.Method.invoke(Method.java:580)
	at java.base/java.util.ArrayList.forEach(ArrayList.java:1597)
	at java.base/java.util.ArrayList.forEach(ArrayList.java:1597)
]]></skipped>
  </testcase>
  <testcase name="test_wordOccurrences" classname="StreamProblemsTest" time="0.0">
    <skipped type="org.opentest4j.TestAbortedException"><![CDATA[org.opentest4j.TestAbortedException: Assumption failed: Skipping 'wordOccurrences' — not yet in ENABLED set
	at org.junit.jupiter.api.Assumptions.throwAssumptionFailed(Assumptions.java:316)
	at org.junit.jupiter.api.Assumptions.assumeTrue(Assumptions.java:115)
	at StreamProblemsTest.skip(StreamProblemsTest.java:106)
	at StreamProblemsTest.test_wordOccurrences(StreamProblemsTest.java:162)
	at java.base/java.lang.reflect.Method.invoke(Method.java:580)
	at java.base/java.util.ArrayList.forEach(ArrayList.java:1597)
	at java.base/java.util.ArrayList.forEach(ArrayList.java:1597)
]]></skipped>
  </testcase>
  <testcase name="test_groupByFirstCharAndCount" classname="StreamProblemsTest" time="0.0">
    <skipped type="org.opentest4j.TestAbortedException"><![CDATA[org.opentest4j.TestAbortedException: Assumption failed: Skipping 'groupByFirstCharAndCount' — not yet in ENABLED set
	at org.junit.jupiter.api.Assumptions.throwAssumptionFailed(Assumptions.java:316)
	at org.junit.jupiter.api.Assumptions.assumeTrue(Assumptions.java:115)
	at StreamProblemsTest.skip(StreamProblemsTest.java:106)
	at StreamProblemsTest.test_groupByFirstCharAndCount(StreamProblemsTest.java:510)
	at java.base/java.lang.reflect.Method.invoke(Method.java:580)
	at java.base/java.util.ArrayList.forEach(ArrayList.java:1597)
	at java.base/java.util.ArrayList.forEach(ArrayList.java:1597)
]]></skipped>
  </testcase>
  <testcase name="test_groupByMiddleChar" classname="StreamProblemsTest" time="0.0">
    <skipped type="org.opentest4j.TestAbortedException"><![CDATA[org.opentest4j.TestAbortedException: Assumption failed: Skipping 'groupByMiddleChar' — not yet in ENABLED set
	at org.junit.jupiter.api.Assumptions.throwAssumptionFailed(Assumptions.java:316)
	at org.junit.jupiter.api.Assumptions.assumeTrue(Assumptions.java:115)
	at StreamProblemsTest.skip(StreamProblemsTest.java:106)
	at StreamProblemsTest.test_groupByMiddleChar(StreamProblemsTest.java:344)
	at java.base/java.lang.reflect.Method.invoke(Method.java:580)
	at java.base/java.util.ArrayList.forEach(ArrayList.java:1597)
	at java.base/java.util.ArrayList.forEach(ArrayList.java:1597)
]]></skipped>
  </testcase>
  <testcase name="test_find2ndHighestLengthWord" classname="StreamProblemsTest" time="0.0">
    <skipped type="org.opentest4j.TestAbortedException"><![CDATA[org.opentest4j.TestAbortedException: Assumption failed: Skipping 'find2ndHighestLengthWord' — not yet in ENABLED set
	at org.junit.jupiter.api.Assumptions.throwAssumptionFailed(Assumptions.java:316)
	at org.junit.jupiter.api.Assumptions.assumeTrue(Assumptions.java:115)
	at StreamProblemsTest.skip(StreamProblemsTest.java:106)
	at StreamProblemsTest.test_find2ndHighestLengthWord(StreamProblemsTest.java:149)
	at java.base/java.lang.reflect.Method.invoke(Method.java:580)
	at java.base/java.util.ArrayList.forEach(ArrayList.java:1597)
	at java.base/java.util.ArrayList.forEach(ArrayList.java:1597)
]]></skipped>
  </testcase>
  <testcase name="test_charWithMaxFrequency" classname="StreamProblemsTest" time="0.0">
    <skipped type="org.opentest4j.TestAbortedException"><![CDATA[org.opentest4j.TestAbortedException: Assumption failed: Skipping 'charWithMaxFrequency' — not yet in ENABLED set
	at org.junit.jupiter.api.Assumptions.throwAssumptionFailed(Assumptions.java:316)
	at org.junit.jupiter.api.Assumptions.assumeTrue(Assumptions.java:115)
	at StreamProblemsTest.skip(StreamProblemsTest.java:106)
	at StreamProblemsTest.test_charWithMaxFrequency(StreamProblemsTest.java:733)
	at java.base/java.lang.reflect.Method.invoke(Method.java:580)
	at java.base/java.util.ArrayList.forEach(ArrayList.java:1597)
	at java.base/java.util.ArrayList.forEach(ArrayList.java:1597)
]]></skipped>
  </testcase>
  <testcase name="test_avoidComplexPipeline" classname="StreamProblemsTest" time="0.0">
    <skipped type="org.opentest4j.TestAbortedException"><![CDATA[org.opentest4j.TestAbortedException: Assumption failed: Skipping 'avoidComplexPipeline' — not yet in ENABLED set
	at org.junit.jupiter.api.Assumptions.throwAssumptionFailed(Assumptions.java:316)
	at org.junit.jupiter.api.Assumptions.assumeTrue(Assumptions.java:115)
	at StreamProblemsTest.skip(StreamProblemsTest.java:106)
	at StreamProblemsTest.test_avoidComplexPipeline(StreamProblemsTest.java:583)
	at java.base/java.lang.reflect.Method.invoke(Method.java:580)
	at java.base/java.util.ArrayList.forEach(ArrayList.java:1597)
	at java.base/java.util.ArrayList.forEach(ArrayList.java:1597)
]]></skipped>
  </testcase>
  <testcase name="test_firstNonRepeatedChar" classname="StreamProblemsTest" time="0.0">
    <skipped type="org.opentest4j.TestAbortedException"><![CDATA[org.opentest4j.TestAbortedException: Assumption failed: Skipping 'firstNonRepeatedChar' — not yet in ENABLED set
	at org.junit.jupiter.api.Assumptions.throwAssumptionFailed(Assumptions.java:316)
	at org.junit.jupiter.api.Assumptions.assumeTrue(Assumptions.java:115)
	at StreamProblemsTest.skip(StreamProblemsTest.java:106)
	at StreamProblemsTest.test_firstNonRepeatedChar(StreamProblemsTest.java:230)
	at java.base/java.lang.reflect.Method.invoke(Method.java:580)
	at java.base/java.util.ArrayList.forEach(ArrayList.java:1597)
	at java.base/java.util.ArrayList.forEach(ArrayList.java:1597)
]]></skipped>
  </testcase>
  <testcase name="test_removeDuplicates" classname="StreamProblemsTest" time="0.0">
    <skipped type="org.opentest4j.TestAbortedException"><![CDATA[org.opentest4j.TestAbortedException: Assumption failed: Skipping 'removeDuplicates' — not yet in ENABLED set
	at org.junit.jupiter.api.Assumptions.throwAssumptionFailed(Assumptions.java:316)
	at org.junit.jupiter.api.Assumptions.assumeTrue(Assumptions.java:115)
	at StreamProblemsTest.skip(StreamProblemsTest.java:106)
	at StreamProblemsTest.test_removeDuplicates(StreamProblemsTest.java:128)
	at java.base/java.lang.reflect.Method.invoke(Method.java:580)
	at java.base/java.util.ArrayList.forEach(ArrayList.java:1597)
	at java.base/java.util.ArrayList.forEach(ArrayList.java:1597)
]]></skipped>
  </testcase>
  <testcase name="test_findWordWithHighestLength" classname="StreamProblemsTest" time="0.0">
    <skipped type="org.opentest4j.TestAbortedException"><![CDATA[org.opentest4j.TestAbortedException: Assumption failed: Skipping 'findWordWithHighestLength' — not yet in ENABLED set
	at org.junit.jupiter.api.Assumptions.throwAssumptionFailed(Assumptions.java:316)
	at org.junit.jupiter.api.Assumptions.assumeTrue(Assumptions.java:115)
	at StreamProblemsTest.skip(StreamProblemsTest.java:106)
	at StreamProblemsTest.test_findWordWithHighestLength(StreamProblemsTest.java:117)
	at java.base/java.lang.reflect.Method.invoke(Method.java:580)
	at java.base/java.util.ArrayList.forEach(ArrayList.java:1597)
	at java.base/java.util.ArrayList.forEach(ArrayList.java:1597)
]]></skipped>
  </testcase>
  <testcase name="test_stringsContainingOnlyDigits" classname="StreamProblemsTest" time="0.0">
    <skipped type="org.opentest4j.TestAbortedException"><![CDATA[org.opentest4j.TestAbortedException: Assumption failed: Skipping 'stringsContainingOnlyDigits' — not yet in ENABLED set
	at org.junit.jupiter.api.Assumptions.throwAssumptionFailed(Assumptions.java:316)
	at org.junit.jupiter.api.Assumptions.assumeTrue(Assumptions.java:115)
	at StreamProblemsTest.skip(StreamProblemsTest.java:106)
	at StreamProblemsTest.test_stringsContainingOnlyDigits(StreamProblemsTest.java:427)
	at java.base/java.lang.reflect.Method.invoke(Method.java:580)
	at java.base/java.util.ArrayList.forEach(ArrayList.java:1597)
	at java.base/java.util.ArrayList.forEach(ArrayList.java:1597)
]]></skipped>
  </testcase>
  <testcase name="test_union" classname="StreamProblemsTest" time="0.0">
    <skipped type="org.opentest4j.TestAbortedException"><![CDATA[org.opentest4j.TestAbortedException: Assumption failed: Skipping 'union' — not yet in ENABLED set
	at org.junit.jupiter.api.Assumptions.throwAssumptionFailed(Assumptions.java:316)
	at org.junit.jupiter.api.Assumptions.assumeTrue(Assumptions.java:115)
	at StreamProblemsTest.skip(StreamProblemsTest.java:106)
	at StreamProblemsTest.test_union(StreamProblemsTest.java:395)
	at java.base/java.lang.reflect.Method.invoke(Method.java:580)
	at java.base/java.util.ArrayList.forEach(ArrayList.java:1597)
	at java.base/java.util.ArrayList.forEach(ArrayList.java:1597)
]]></skipped>
  </testcase>
  <testcase name="test_departmentWithMaxPeople" classname="StreamProblemsTest" time="0.0">
    <skipped type="org.opentest4j.TestAbortedException"><![CDATA[org.opentest4j.TestAbortedException: Assumption failed: Skipping 'departmentWithMaxPeople' — not yet in ENABLED set
	at org.junit.jupiter.api.Assumptions.throwAssumptionFailed(Assumptions.java:316)
	at org.junit.jupiter.api.Assumptions.assumeTrue(Assumptions.java:115)
	at StreamProblemsTest.skip(StreamProblemsTest.java:106)
	at StreamProblemsTest.test_departmentWithMaxPeople(StreamProblemsTest.java:702)
	at java.base/java.lang.reflect.Method.invoke(Method.java:580)
	at java.base/java.util.ArrayList.forEach(ArrayList.java:1597)
	at java.base/java.util.ArrayList.forEach(ArrayList.java:1597)
]]></skipped>
  </testcase>
</testsuite>